{"level":"info","message":"server running at port: 8080"}
{"level":"info","message":"Press CTRL + C to stop server"}
{"level":"info","message":"Database connected."}
{"level":"info","message":"server running at port: 8080"}
{"level":"info","message":"Press CTRL + C to stop server"}
{"level":"info","message":"Database connected."}
{"level":"info","message":"server running at port: 8080"}
{"level":"info","message":"Press CTRL + C to stop server"}
{"level":"info","message":"Database connected."}
{"level":"info","message":"server running at port: 8080"}
{"level":"info","message":"Press CTRL + C to stop server"}
{"level":"info","message":"Signing user in..."}
{"_changed":{},"_options":{"_schema":null,"_schemaDelimiter":"","attributes":["userId","firstName","lastName","otherNames","birthdate","gender","country","email","address","profilePicture","passwordHash","createdAt","updatedAt"],"isNewRecord":false,"raw":true},"_previousDataValues":{"address":"48932 Bunker Hill Crossing","birthdate":"1998-11-30","country":"Ghana","createdAt":"2023-10-29T23:38:07.000Z","email":"alouismariea97@gmail.com","firstName":"Atoluko","gender":"M","lastName":"Ayariga","otherNames":null,"passwordHash":"$2b$10$tKRrRqte3vGkOSBnS5Zd4Oq8mWedOYAN2rAAuAVY4aL9ZL4P.a7Ty","profilePicture":"http://res.cloudinary.com/marieloumar/image/upload/v1698622900/sellz-profile-pictures/ale0vf4xvtuknoyvjnp4.webp","updatedAt":"2023-10-29T23:41:40.000Z","userId":"aedd4d23-e437-4cc2-9d8b-624e84ac119e"},"dataValues":{"address":"48932 Bunker Hill Crossing","birthdate":"1998-11-30","country":"Ghana","createdAt":"2023-10-29T23:38:07.000Z","email":"alouismariea97@gmail.com","firstName":"Atoluko","gender":"M","lastName":"Ayariga","otherNames":null,"passwordHash":"$2b$10$tKRrRqte3vGkOSBnS5Zd4Oq8mWedOYAN2rAAuAVY4aL9ZL4P.a7Ty","profilePicture":"http://res.cloudinary.com/marieloumar/image/upload/v1698622900/sellz-profile-pictures/ale0vf4xvtuknoyvjnp4.webp","updatedAt":"2023-10-29T23:41:40.000Z","userId":"aedd4d23-e437-4cc2-9d8b-624e84ac119e"},"isNewRecord":false,"level":"info","message":"here: ","uniqno":1}
{"level":"info","message":"Database connected."}
{"level":"info","message":"server running at port: 8080"}
{"level":"info","message":"Press CTRL + C to stop server"}
{"level":"info","message":"Database connected."}
{"level":"info","message":"server running at port: 8080"}
{"level":"info","message":"Press CTRL + C to stop server"}
{"level":"info","message":"Database connected."}
{"level":"info","message":"server running at port: 8080"}
{"level":"info","message":"Press CTRL + C to stop server"}
{"level":"info","message":"Signing user in..."}
{"_changed":{},"_options":{"_schema":null,"_schemaDelimiter":"","attributes":["userId","firstName","lastName","otherNames","birthdate","gender","country","email","address","profilePicture","passwordHash","createdAt","updatedAt"],"isNewRecord":false,"raw":true},"_previousDataValues":{"address":"48932 Bunker Hill Crossing","birthdate":"1998-11-30","country":"Ghana","createdAt":"2023-10-29T23:38:07.000Z","email":"alouismariea97@gmail.com","firstName":"Atoluko","gender":"M","lastName":"Ayariga","otherNames":null,"passwordHash":"$2b$10$tKRrRqte3vGkOSBnS5Zd4Oq8mWedOYAN2rAAuAVY4aL9ZL4P.a7Ty","profilePicture":"http://res.cloudinary.com/marieloumar/image/upload/v1698622900/sellz-profile-pictures/ale0vf4xvtuknoyvjnp4.webp","updatedAt":"2023-10-29T23:41:40.000Z","userId":"aedd4d23-e437-4cc2-9d8b-624e84ac119e"},"dataValues":{"address":"48932 Bunker Hill Crossing","birthdate":"1998-11-30","country":"Ghana","createdAt":"2023-10-29T23:38:07.000Z","email":"alouismariea97@gmail.com","firstName":"Atoluko","gender":"M","lastName":"Ayariga","otherNames":null,"passwordHash":"$2b$10$tKRrRqte3vGkOSBnS5Zd4Oq8mWedOYAN2rAAuAVY4aL9ZL4P.a7Ty","profilePicture":"http://res.cloudinary.com/marieloumar/image/upload/v1698622900/sellz-profile-pictures/ale0vf4xvtuknoyvjnp4.webp","updatedAt":"2023-10-29T23:41:40.000Z","userId":"aedd4d23-e437-4cc2-9d8b-624e84ac119e"},"isNewRecord":false,"level":"info","message":"here: ","uniqno":1}
{"level":"error","message":"Invalid password"}
{"level":"info","message":"Database connected."}
{"level":"info","message":"server running at port: 8080"}
{"level":"info","message":"Press CTRL + C to stop server"}
{"level":"info","message":"Database connected."}
{"level":"info","message":"server running at port: 8080"}
{"level":"info","message":"Press CTRL + C to stop server"}
{"level":"info","message":"Signing user in..."}
{"_changed":{},"_options":{"_schema":null,"_schemaDelimiter":"","attributes":["userId","firstName","lastName","otherNames","birthdate","gender","country","email","address","profilePicture","passwordHash","createdAt","updatedAt"],"isNewRecord":false,"raw":true},"_previousDataValues":{"address":"48932 Bunker Hill Crossing","birthdate":"1998-11-30","country":"Ghana","createdAt":"2023-10-29T23:38:07.000Z","email":"alouismariea97@gmail.com","firstName":"Atoluko","gender":"M","lastName":"Ayariga","otherNames":null,"passwordHash":"$2b$10$tKRrRqte3vGkOSBnS5Zd4Oq8mWedOYAN2rAAuAVY4aL9ZL4P.a7Ty","profilePicture":"http://res.cloudinary.com/marieloumar/image/upload/v1698622900/sellz-profile-pictures/ale0vf4xvtuknoyvjnp4.webp","updatedAt":"2023-10-29T23:41:40.000Z","userId":"aedd4d23-e437-4cc2-9d8b-624e84ac119e"},"dataValues":{"address":"48932 Bunker Hill Crossing","birthdate":"1998-11-30","country":"Ghana","createdAt":"2023-10-29T23:38:07.000Z","email":"alouismariea97@gmail.com","firstName":"Atoluko","gender":"M","lastName":"Ayariga","otherNames":null,"passwordHash":"$2b$10$tKRrRqte3vGkOSBnS5Zd4Oq8mWedOYAN2rAAuAVY4aL9ZL4P.a7Ty","profilePicture":"http://res.cloudinary.com/marieloumar/image/upload/v1698622900/sellz-profile-pictures/ale0vf4xvtuknoyvjnp4.webp","updatedAt":"2023-10-29T23:41:40.000Z","userId":"aedd4d23-e437-4cc2-9d8b-624e84ac119e"},"isNewRecord":false,"level":"info","message":"here: ","uniqno":1}
{"level":"error","message":"Invalid password"}
{"level":"info","message":"Database connected."}
{"level":"info","message":"server running at port: 8080"}
{"level":"info","message":"Press CTRL + C to stop server"}
{"level":"info","message":"Signing user in..."}
{"_changed":{},"_options":{"_schema":null,"_schemaDelimiter":"","attributes":["userId","firstName","lastName","otherNames","birthdate","gender","country","email","address","profilePicture","passwordHash","createdAt","updatedAt"],"isNewRecord":false,"raw":true},"_previousDataValues":{"address":"48932 Bunker Hill Crossing","birthdate":"1998-11-30","country":"Ghana","createdAt":"2023-10-29T23:38:07.000Z","email":"alouismariea97@gmail.com","firstName":"Atoluko","gender":"M","lastName":"Ayariga","otherNames":null,"passwordHash":"$2b$10$tKRrRqte3vGkOSBnS5Zd4Oq8mWedOYAN2rAAuAVY4aL9ZL4P.a7Ty","profilePicture":"http://res.cloudinary.com/marieloumar/image/upload/v1698622900/sellz-profile-pictures/ale0vf4xvtuknoyvjnp4.webp","updatedAt":"2023-10-29T23:41:40.000Z","userId":"aedd4d23-e437-4cc2-9d8b-624e84ac119e"},"dataValues":{"address":"48932 Bunker Hill Crossing","birthdate":"1998-11-30","country":"Ghana","createdAt":"2023-10-29T23:38:07.000Z","email":"alouismariea97@gmail.com","firstName":"Atoluko","gender":"M","lastName":"Ayariga","otherNames":null,"passwordHash":"$2b$10$tKRrRqte3vGkOSBnS5Zd4Oq8mWedOYAN2rAAuAVY4aL9ZL4P.a7Ty","profilePicture":"http://res.cloudinary.com/marieloumar/image/upload/v1698622900/sellz-profile-pictures/ale0vf4xvtuknoyvjnp4.webp","updatedAt":"2023-10-29T23:41:40.000Z","userId":"aedd4d23-e437-4cc2-9d8b-624e84ac119e"},"isNewRecord":false,"level":"info","message":"here: ","uniqno":1}
{"level":"error","message":"Invalid password"}
{"level":"error","message":{"isOperational":true,"status":"fail","statusCode":401}}
{"level":"info","message":"Database connected."}
{"level":"info","message":"server running at port: 8080"}
{"level":"info","message":"Press CTRL + C to stop server"}
{"level":"info","message":"Database connected."}
{"level":"info","message":"server running at port: 8080"}
{"level":"info","message":"Press CTRL + C to stop server"}
{"level":"info","message":"Database connected."}
{"level":"info","message":"server running at port: 8080"}
{"level":"info","message":"Press CTRL + C to stop server"}
{"level":"info","message":"Database connected."}
{"level":"info","message":"server running at port: 8080"}
{"level":"info","message":"Press CTRL + C to stop server"}
{"level":"info","message":"Database connected."}
{"level":"info","message":"server running at port: 8080"}
{"level":"info","message":"Press CTRL + C to stop server"}
{"level":"info","message":"Database connected."}
{"level":"info","message":"server running at port: 8080"}
{"level":"info","message":"Press CTRL + C to stop server"}
{"level":"info","message":"Database connected."}
{"level":"info","message":"server running at port: 8080"}
{"level":"info","message":"Press CTRL + C to stop server"}
{"level":"info","message":"Database connected."}
{"level":"info","message":"server running at port: 8080"}
{"level":"info","message":"Press CTRL + C to stop server"}
{"level":"info","message":"Signing user in..."}
{"level":"info","message":"Database connected."}
{"level":"info","message":"server running at port: 8080"}
{"level":"info","message":"Press CTRL + C to stop server"}
{"level":"info","message":"Database connected."}
{"level":"info","message":"server running at port: 8080"}
{"level":"info","message":"Press CTRL + C to stop server"}
{"level":"info","message":"Signing user in..."}
{"level":"info","message":"Database connected."}
{"level":"info","message":"server running at port: 8080"}
{"level":"info","message":"Press CTRL + C to stop server"}
{"level":"info","message":"Signing user in..."}
{"isOperational":true,"level":"error","status":"fail","statusCode":401}
{"level":"error"}
{"level":"info","message":"Database connected."}
{"level":"info","message":"server running at port: 8080"}
{"level":"info","message":"Press CTRL + C to stop server"}
{"level":"info","message":"Database connected."}
{"level":"info","message":"server running at port: 8080"}
{"level":"info","message":"Press CTRL + C to stop server"}
{"level":"info","message":"Signing user in..."}
{"isOperational":true,"level":"error","status":"fail","statusCode":401}
{"isOperational":true,"level":"error","status":"error","statusCode":500}
{"level":"info","message":"Database connected."}
{"level":"info","message":"server running at port: 8080"}
{"level":"info","message":"Press CTRL + C to stop server"}
{"level":"info","message":"Signing user in..."}
{"isOperational":true,"level":"error","status":"fail","statusCode":401}
{"isOperational":true,"level":"error","status":"error","statusCode":500}
{"level":"info","message":"Database connected."}
{"level":"info","message":"server running at port: 8080"}
{"level":"info","message":"Press CTRL + C to stop server"}
{"level":"info","message":"Signing user in..."}
{"isOperational":true,"level":"error","status":"fail","statusCode":401}
{"isOperational":true,"level":"error","status":"error","statusCode":500}
{"level":"info","message":"Database connected."}
{"level":"info","message":"server running at port: 8080"}
{"level":"info","message":"Press CTRL + C to stop server"}
{"level":"info","message":"Database connected."}
{"level":"info","message":"server running at port: 8080"}
{"level":"info","message":"Press CTRL + C to stop server"}
{"level":"info","message":"Signing user in..."}
{"isOperational":true,"level":"error","status":"fail","statusCode":401}
{"level":"info","message":"Database connected."}
{"level":"info","message":"server running at port: 8080"}
{"level":"info","message":"Press CTRL + C to stop server"}
{"level":"info","message":"Signing user in..."}
{"isOperational":true,"level":"error","status":"fail","statusCode":401}
{"level":"info","message":"Database connected."}
{"level":"info","message":"server running at port: 8080"}
{"level":"info","message":"Press CTRL + C to stop server"}
{"level":"info","message":"Database connected."}
{"level":"info","message":"server running at port: 8080"}
{"level":"info","message":"Press CTRL + C to stop server"}
{"level":"info","message":"Database connected."}
{"level":"info","message":"server running at port: 8080"}
{"level":"info","message":"Press CTRL + C to stop server"}
{"level":"info","message":"Signing user in..."}
{"isOperational":true,"level":"error","status":"fail","statusCode":401}
{"level":"info","message":"Database connected."}
{"level":"info","message":"server running at port: 8080"}
{"level":"info","message":"Press CTRL + C to stop server"}
{"level":"info","message":"Signing user in..."}
{"isOperational":true,"level":"error","status":"fail","statusCode":401}
{"level":"info","message":"Database connected."}
{"level":"info","message":"server running at port: 8080"}
{"level":"info","message":"Press CTRL + C to stop server"}
{"level":"info","message":"Signing user in..."}
{"isOperational":true,"level":"error","status":"fail","statusCode":401}
{"level":"info","message":"Database connected."}
{"level":"info","message":"server running at port: 8080"}
{"level":"info","message":"Press CTRL + C to stop server"}
{"level":"info","message":"Signing user in..."}
{"isOperational":true,"level":"error","status":"fail","statusCode":401}
{"level":"info","message":"Database connected."}
{"level":"info","message":"server running at port: 8080"}
{"level":"info","message":"Press CTRL + C to stop server"}
{"level":"info","message":"Signing user in..."}
{"isOperational":true,"level":"error","status":"fail","statusCode":401}
{"level":"info","message":"Signing user in..."}
{"isOperational":true,"level":"error","status":"fail","statusCode":400}
{"level":"info","message":"Signing user in..."}
{"isOperational":true,"level":"error","status":"fail","statusCode":401}
{"level":"info","message":"Signing user in..."}
{"level":"info","message":"Database connected."}
{"level":"info","message":"server running at port: 8080"}
{"level":"info","message":"Press CTRL + C to stop server"}
{"level":"info","message":"Database connected."}
{"level":"info","message":"server running at port: 8080"}
{"level":"info","message":"Press CTRL + C to stop server"}
{"level":"info","message":"Signing user in..."}
{"level":"info","message":"Database connected."}
{"level":"info","message":"server running at port: 8080"}
{"level":"info","message":"Press CTRL + C to stop server"}
{"level":"info","message":"Signing user in..."}
{"level":"info","message":"Database connected."}
{"level":"info","message":"server running at port: 8080"}
{"level":"info","message":"Press CTRL + C to stop server"}
{"level":"info","message":"Signing user in..."}
{"level":"info","message":"Database connected."}
{"level":"info","message":"server running at port: 8080"}
{"level":"info","message":"Press CTRL + C to stop server"}
{"level":"info","message":"Signing user in..."}
{"level":"info","message":"User signed in successfully!"}
{"level":"info","message":"Database connected."}
{"level":"info","message":"server running at port: 8080"}
{"level":"info","message":"Press CTRL + C to stop server"}
{"level":"info","message":"Database connected."}
{"level":"info","message":"server running at port: 8080"}
{"level":"info","message":"Press CTRL + C to stop server"}
{"level":"error"}
{"level":"info","message":"Database connected."}
{"level":"info","message":"server running at port: 8080"}
{"level":"info","message":"Press CTRL + C to stop server"}
{"level":"error"}
{"level":"info","message":"Database connected."}
{"level":"info","message":"server running at port: 8080"}
{"level":"info","message":"Press CTRL + C to stop server"}
{"isOperational":true,"level":"error","status":"fail","statusCode":404}
{"level":"info","message":"Creating a new user..."}
{"errors":[{"instance":{"address":"48932 Bunker Hill Crossing","birthdate":"1998-11-30","country":"Ghana","createdAt":"2023-11-02T22:24:14.208Z","email":"alouismariea97@gmail.com","firstName":"Atoluko","gender":"M","lastName":"Ayariga","passwordHash":"$2b$10$/TogaPNfROyBqZcqYXEjE.Zd31.4io.cjxoLtCzfeQ/XpGXEbVHUi","profilePicture":"http://res.cloudinary.com/marieloumar/image/upload/v1698963853/sellz-profile-pictures/qpj213jk2tnaq0snuo74.jpg","updatedAt":"2023-11-02T22:24:14.208Z","userId":"81d1ae9d-76c6-4062-ba35-9c580eea25a4"},"message":"birthdate must be unique","origin":"DB","path":"birthdate","type":"unique violation","validatorArgs":[],"validatorKey":"not_unique","validatorName":null,"value":"1998-11-30"}],"fields":{"birthdate":"1998-11-30"},"level":"error","name":"SequelizeUniqueConstraintError","original":{"code":"ER_DUP_ENTRY","errno":1062,"parameters":["81d1ae9d-76c6-4062-ba35-9c580eea25a4","Atoluko","Ayariga","1998-11-30","M","Ghana","alouismariea97@gmail.com","48932 Bunker Hill Crossing","http://res.cloudinary.com/marieloumar/image/upload/v1698963853/sellz-profile-pictures/qpj213jk2tnaq0snuo74.jpg","$2b$10$/TogaPNfROyBqZcqYXEjE.Zd31.4io.cjxoLtCzfeQ/XpGXEbVHUi","2023-11-02 22:24:14","2023-11-02 22:24:14"],"sql":"INSERT INTO `users` (`userId`,`firstName`,`lastName`,`birthdate`,`gender`,`country`,`email`,`address`,`profilePicture`,`passwordHash`,`createdAt`,`updatedAt`) VALUES (?,?,?,?,?,?,?,?,?,?,?,?);","sqlMessage":"Duplicate entry '1998-11-30' for key 'users.birthdate'","sqlState":"23000"},"parent":{"code":"ER_DUP_ENTRY","errno":1062,"parameters":["81d1ae9d-76c6-4062-ba35-9c580eea25a4","Atoluko","Ayariga","1998-11-30","M","Ghana","alouismariea97@gmail.com","48932 Bunker Hill Crossing","http://res.cloudinary.com/marieloumar/image/upload/v1698963853/sellz-profile-pictures/qpj213jk2tnaq0snuo74.jpg","$2b$10$/TogaPNfROyBqZcqYXEjE.Zd31.4io.cjxoLtCzfeQ/XpGXEbVHUi","2023-11-02 22:24:14","2023-11-02 22:24:14"],"sql":"INSERT INTO `users` (`userId`,`firstName`,`lastName`,`birthdate`,`gender`,`country`,`email`,`address`,`profilePicture`,`passwordHash`,`createdAt`,`updatedAt`) VALUES (?,?,?,?,?,?,?,?,?,?,?,?);","sqlMessage":"Duplicate entry '1998-11-30' for key 'users.birthdate'","sqlState":"23000"},"sql":"INSERT INTO `users` (`userId`,`firstName`,`lastName`,`birthdate`,`gender`,`country`,`email`,`address`,`profilePicture`,`passwordHash`,`createdAt`,`updatedAt`) VALUES (?,?,?,?,?,?,?,?,?,?,?,?);"}
{"level":"info","message":"Database connected."}
{"level":"info","message":"server running at port: 8080"}
{"level":"info","message":"Press CTRL + C to stop server"}
{"level":"info","message":"Creating a new user..."}
{"errors":[{"instance":{"address":"48932 Bunker Hill Crossing","birthdate":"1998-11-30","country":"Ghana","createdAt":"2023-11-02T22:26:57.431Z","email":"alouismariea97@gmail.com","firstName":"Atoluko","gender":"M","lastName":"Ayariga","passwordHash":"$2b$10$94KsATWI9l97OFH/QXLpyuIkk9babtX6qxQyYt/fVkq9.df13TjbC","profilePicture":"http://res.cloudinary.com/marieloumar/image/upload/v1698964016/sellz-profile-pictures/mynuilxrluml1e0osuua.jpg","updatedAt":"2023-11-02T22:26:57.431Z","userId":"523e2dca-659b-4cf7-84f4-396d9ae20d7e"},"message":"birthdate must be unique","origin":"DB","path":"birthdate","type":"unique violation","validatorArgs":[],"validatorKey":"not_unique","validatorName":null,"value":"1998-11-30"}],"fields":{"birthdate":"1998-11-30"},"level":"error","name":"SequelizeUniqueConstraintError","original":{"code":"ER_DUP_ENTRY","errno":1062,"parameters":["523e2dca-659b-4cf7-84f4-396d9ae20d7e","Atoluko","Ayariga","1998-11-30","M","Ghana","alouismariea97@gmail.com","48932 Bunker Hill Crossing","http://res.cloudinary.com/marieloumar/image/upload/v1698964016/sellz-profile-pictures/mynuilxrluml1e0osuua.jpg","$2b$10$94KsATWI9l97OFH/QXLpyuIkk9babtX6qxQyYt/fVkq9.df13TjbC","2023-11-02 22:26:57","2023-11-02 22:26:57"],"sql":"INSERT INTO `users` (`userId`,`firstName`,`lastName`,`birthdate`,`gender`,`country`,`email`,`address`,`profilePicture`,`passwordHash`,`createdAt`,`updatedAt`) VALUES (?,?,?,?,?,?,?,?,?,?,?,?);","sqlMessage":"Duplicate entry '1998-11-30' for key 'users.birthdate'","sqlState":"23000"},"parent":{"code":"ER_DUP_ENTRY","errno":1062,"parameters":["523e2dca-659b-4cf7-84f4-396d9ae20d7e","Atoluko","Ayariga","1998-11-30","M","Ghana","alouismariea97@gmail.com","48932 Bunker Hill Crossing","http://res.cloudinary.com/marieloumar/image/upload/v1698964016/sellz-profile-pictures/mynuilxrluml1e0osuua.jpg","$2b$10$94KsATWI9l97OFH/QXLpyuIkk9babtX6qxQyYt/fVkq9.df13TjbC","2023-11-02 22:26:57","2023-11-02 22:26:57"],"sql":"INSERT INTO `users` (`userId`,`firstName`,`lastName`,`birthdate`,`gender`,`country`,`email`,`address`,`profilePicture`,`passwordHash`,`createdAt`,`updatedAt`) VALUES (?,?,?,?,?,?,?,?,?,?,?,?);","sqlMessage":"Duplicate entry '1998-11-30' for key 'users.birthdate'","sqlState":"23000"},"sql":"INSERT INTO `users` (`userId`,`firstName`,`lastName`,`birthdate`,`gender`,`country`,`email`,`address`,`profilePicture`,`passwordHash`,`createdAt`,`updatedAt`) VALUES (?,?,?,?,?,?,?,?,?,?,?,?);"}
{"level":"info","message":"Database connected."}
{"level":"info","message":"server running at port: 8080"}
{"level":"info","message":"Press CTRL + C to stop server"}
{"level":"info","message":"Database connected."}
{"level":"info","message":"server running at port: 8080"}
{"level":"info","message":"Press CTRL + C to stop server"}
{"level":"info","message":"Database connected."}
{"level":"info","message":"server running at port: 8080"}
{"level":"info","message":"Press CTRL + C to stop server"}
{"level":"info","message":"Database connected."}
{"level":"info","message":"server running at port: 8080"}
{"level":"info","message":"Press CTRL + C to stop server"}
{"level":"info","message":"Creating a new user..."}
{"level":"info","message":"Uploading file..."}
{"level":"info","message":"Done uploading file..."}
{"errors":[{"instance":{"address":"48932 Bunker Hill Crossing","birthdate":"1998-11-30","country":"Ghana","createdAt":"2023-11-02T22:29:02.806Z","email":"alouismariea97@gmail.com","firstName":"Atoluko","gender":"M","lastName":"Ayariga","passwordHash":"$2b$10$1JFZcyJV0iJfJalJtO6fHOieZoclYjEF5QS/p/2ZKNEhr6GT69AQ6","profilePicture":"http://res.cloudinary.com/marieloumar/image/upload/v1698964016/sellz-profile-pictures/mynuilxrluml1e0osuua.jpg","updatedAt":"2023-11-02T22:29:02.806Z","userId":"435aaee9-fc4f-42c5-be59-f72da7b69027"},"message":"birthdate must be unique","origin":"DB","path":"birthdate","type":"unique violation","validatorArgs":[],"validatorKey":"not_unique","validatorName":null,"value":"1998-11-30"}],"fields":{"birthdate":"1998-11-30"},"level":"error","name":"SequelizeUniqueConstraintError","original":{"code":"ER_DUP_ENTRY","errno":1062,"parameters":["435aaee9-fc4f-42c5-be59-f72da7b69027","Atoluko","Ayariga","1998-11-30","M","Ghana","alouismariea97@gmail.com","48932 Bunker Hill Crossing","http://res.cloudinary.com/marieloumar/image/upload/v1698964016/sellz-profile-pictures/mynuilxrluml1e0osuua.jpg","$2b$10$1JFZcyJV0iJfJalJtO6fHOieZoclYjEF5QS/p/2ZKNEhr6GT69AQ6","2023-11-02 22:29:02","2023-11-02 22:29:02"],"sql":"INSERT INTO `users` (`userId`,`firstName`,`lastName`,`birthdate`,`gender`,`country`,`email`,`address`,`profilePicture`,`passwordHash`,`createdAt`,`updatedAt`) VALUES (?,?,?,?,?,?,?,?,?,?,?,?);","sqlMessage":"Duplicate entry '1998-11-30' for key 'users.birthdate'","sqlState":"23000"},"parent":{"code":"ER_DUP_ENTRY","errno":1062,"parameters":["435aaee9-fc4f-42c5-be59-f72da7b69027","Atoluko","Ayariga","1998-11-30","M","Ghana","alouismariea97@gmail.com","48932 Bunker Hill Crossing","http://res.cloudinary.com/marieloumar/image/upload/v1698964016/sellz-profile-pictures/mynuilxrluml1e0osuua.jpg","$2b$10$1JFZcyJV0iJfJalJtO6fHOieZoclYjEF5QS/p/2ZKNEhr6GT69AQ6","2023-11-02 22:29:02","2023-11-02 22:29:02"],"sql":"INSERT INTO `users` (`userId`,`firstName`,`lastName`,`birthdate`,`gender`,`country`,`email`,`address`,`profilePicture`,`passwordHash`,`createdAt`,`updatedAt`) VALUES (?,?,?,?,?,?,?,?,?,?,?,?);","sqlMessage":"Duplicate entry '1998-11-30' for key 'users.birthdate'","sqlState":"23000"},"sql":"INSERT INTO `users` (`userId`,`firstName`,`lastName`,`birthdate`,`gender`,`country`,`email`,`address`,`profilePicture`,`passwordHash`,`createdAt`,`updatedAt`) VALUES (?,?,?,?,?,?,?,?,?,?,?,?);"}
{"level":"info","message":"Database connected."}
{"level":"info","message":"server running at port: 8080"}
{"level":"info","message":"Press CTRL + C to stop server"}
{"level":"info","message":"Database connected."}
{"level":"info","message":"server running at port: 8080"}
{"level":"info","message":"Press CTRL + C to stop server"}
{"level":"info","message":"Creating a new user..."}
{"level":"info","message":"Uploading file..."}
{"level":"info","message":"Done uploading file..."}
{"level":"info","message":"Creating a new user..."}
{"level":"info","message":"Uploading file..."}
{"level":"info","message":"Done uploading file..."}
{"errors":[{"instance":{"address":"48932 Bunker Hill Crossing","birthdate":"1998-11-30","country":"Ghana","createdAt":"2023-11-02T22:29:32.732Z","email":"alouismariea97@gmail.com","firstName":"Atoluko","gender":"M","lastName":"Ayariga","passwordHash":"$2b$10$hBJGHL8IXBbg.rXu8Tgp9eUK3H.4vnPYEFTWhWnTO0aYrru9gR0gO","profilePicture":"http://res.cloudinary.com/marieloumar/image/upload/v1698964016/sellz-profile-pictures/mynuilxrluml1e0osuua.jpg","updatedAt":"2023-11-02T22:29:32.732Z","userId":"388b6992-3176-4bbc-8067-095a710ab185"},"message":"email must be unique","origin":"DB","path":"email","type":"unique violation","validatorArgs":[],"validatorKey":"not_unique","validatorName":null,"value":"alouismariea97@gmail.com"}],"fields":{"email":"alouismariea97@gmail.com"},"level":"error","name":"SequelizeUniqueConstraintError","original":{"code":"ER_DUP_ENTRY","errno":1062,"parameters":["388b6992-3176-4bbc-8067-095a710ab185","Atoluko","Ayariga","1998-11-30","M","Ghana","alouismariea97@gmail.com","48932 Bunker Hill Crossing","http://res.cloudinary.com/marieloumar/image/upload/v1698964016/sellz-profile-pictures/mynuilxrluml1e0osuua.jpg","$2b$10$hBJGHL8IXBbg.rXu8Tgp9eUK3H.4vnPYEFTWhWnTO0aYrru9gR0gO","2023-11-02 22:29:32","2023-11-02 22:29:32"],"sql":"INSERT INTO `users` (`userId`,`firstName`,`lastName`,`birthdate`,`gender`,`country`,`email`,`address`,`profilePicture`,`passwordHash`,`createdAt`,`updatedAt`) VALUES (?,?,?,?,?,?,?,?,?,?,?,?);","sqlMessage":"Duplicate entry 'alouismariea97@gmail.com' for key 'users.email'","sqlState":"23000"},"parent":{"code":"ER_DUP_ENTRY","errno":1062,"parameters":["388b6992-3176-4bbc-8067-095a710ab185","Atoluko","Ayariga","1998-11-30","M","Ghana","alouismariea97@gmail.com","48932 Bunker Hill Crossing","http://res.cloudinary.com/marieloumar/image/upload/v1698964016/sellz-profile-pictures/mynuilxrluml1e0osuua.jpg","$2b$10$hBJGHL8IXBbg.rXu8Tgp9eUK3H.4vnPYEFTWhWnTO0aYrru9gR0gO","2023-11-02 22:29:32","2023-11-02 22:29:32"],"sql":"INSERT INTO `users` (`userId`,`firstName`,`lastName`,`birthdate`,`gender`,`country`,`email`,`address`,`profilePicture`,`passwordHash`,`createdAt`,`updatedAt`) VALUES (?,?,?,?,?,?,?,?,?,?,?,?);","sqlMessage":"Duplicate entry 'alouismariea97@gmail.com' for key 'users.email'","sqlState":"23000"},"sql":"INSERT INTO `users` (`userId`,`firstName`,`lastName`,`birthdate`,`gender`,`country`,`email`,`address`,`profilePicture`,`passwordHash`,`createdAt`,`updatedAt`) VALUES (?,?,?,?,?,?,?,?,?,?,?,?);"}
{"level":"info","message":"Database connected."}
{"level":"info","message":"server running at port: 8080"}
{"level":"info","message":"Press CTRL + C to stop server"}
{"level":"info","message":"Database connected."}
{"level":"info","message":"server running at port: 8080"}
{"level":"info","message":"Press CTRL + C to stop server"}
{"level":"info","message":"Creating a new user..."}
{"level":"info","message":"Uploading file..."}
{"level":"info","message":"Done uploading file..."}
{"errors":[{"instance":{"address":"48932 Bunker Hill Crossing","birthdate":"1998-11-30","country":"Ghana","createdAt":"2023-11-02T22:32:32.823Z","email":"alouismariea97@gmail.com","firstName":"Atoluko","gender":"M","lastName":"Ayariga","passwordHash":"$2b$10$5Ya118omYuFTcuN1R6LAtudqFpFEmCIm3T17oZ.k44a8glkqQL2ES","profilePicture":"http://res.cloudinary.com/marieloumar/image/upload/v1698964016/sellz-profile-pictures/mynuilxrluml1e0osuua.jpg","updatedAt":"2023-11-02T22:32:32.823Z","userId":"bfe56ad5-1460-4749-a297-011a83534360"},"message":"email must be unique","origin":"DB","path":"email","type":"unique violation","validatorArgs":[],"validatorKey":"not_unique","validatorName":null,"value":"alouismariea97@gmail.com"}],"fields":{"email":"alouismariea97@gmail.com"},"level":"error","name":"SequelizeUniqueConstraintError","original":{"code":"ER_DUP_ENTRY","errno":1062,"parameters":["bfe56ad5-1460-4749-a297-011a83534360","Atoluko","Ayariga","1998-11-30","M","Ghana","alouismariea97@gmail.com","48932 Bunker Hill Crossing","http://res.cloudinary.com/marieloumar/image/upload/v1698964016/sellz-profile-pictures/mynuilxrluml1e0osuua.jpg","$2b$10$5Ya118omYuFTcuN1R6LAtudqFpFEmCIm3T17oZ.k44a8glkqQL2ES","2023-11-02 22:32:32","2023-11-02 22:32:32"],"sql":"INSERT INTO `users` (`userId`,`firstName`,`lastName`,`birthdate`,`gender`,`country`,`email`,`address`,`profilePicture`,`passwordHash`,`createdAt`,`updatedAt`) VALUES (?,?,?,?,?,?,?,?,?,?,?,?);","sqlMessage":"Duplicate entry 'alouismariea97@gmail.com' for key 'users.email'","sqlState":"23000"},"parent":{"code":"ER_DUP_ENTRY","errno":1062,"parameters":["bfe56ad5-1460-4749-a297-011a83534360","Atoluko","Ayariga","1998-11-30","M","Ghana","alouismariea97@gmail.com","48932 Bunker Hill Crossing","http://res.cloudinary.com/marieloumar/image/upload/v1698964016/sellz-profile-pictures/mynuilxrluml1e0osuua.jpg","$2b$10$5Ya118omYuFTcuN1R6LAtudqFpFEmCIm3T17oZ.k44a8glkqQL2ES","2023-11-02 22:32:32","2023-11-02 22:32:32"],"sql":"INSERT INTO `users` (`userId`,`firstName`,`lastName`,`birthdate`,`gender`,`country`,`email`,`address`,`profilePicture`,`passwordHash`,`createdAt`,`updatedAt`) VALUES (?,?,?,?,?,?,?,?,?,?,?,?);","sqlMessage":"Duplicate entry 'alouismariea97@gmail.com' for key 'users.email'","sqlState":"23000"},"sql":"INSERT INTO `users` (`userId`,`firstName`,`lastName`,`birthdate`,`gender`,`country`,`email`,`address`,`profilePicture`,`passwordHash`,`createdAt`,`updatedAt`) VALUES (?,?,?,?,?,?,?,?,?,?,?,?);"}
{"level":"info","message":"Database connected."}
{"level":"info","message":"server running at port: 8080"}
{"level":"info","message":"Press CTRL + C to stop server"}
{"level":"info","message":"Creating a new user..."}
{"level":"info","message":"Uploading file..."}
{"level":"info","message":"Done uploading file..."}
{"errors":[{"instance":{"address":"48932 Bunker Hill Crossing","birthdate":"1998-11-30","country":"Ghana","createdAt":"2023-11-02T22:34:18.756Z","email":"alouismariea97@gmail.com","firstName":"Atoluko","gender":"M","lastName":"Ayariga","passwordHash":"$2b$10$rdRy9T/8Bcwt4bwoMrAhmu6vP08BJrQa.qw3hs8fU5M1FV3t8a.zi","profilePicture":"http://res.cloudinary.com/marieloumar/image/upload/v1698964016/sellz-profile-pictures/mynuilxrluml1e0osuua.jpg","updatedAt":"2023-11-02T22:34:18.756Z","userId":"0869f10c-b331-4453-9317-26005eec1478"},"message":"email must be unique","origin":"DB","path":"email","type":"unique violation","validatorArgs":[],"validatorKey":"not_unique","validatorName":null,"value":"alouismariea97@gmail.com"}],"fields":{"email":"alouismariea97@gmail.com"},"level":"error","name":"SequelizeUniqueConstraintError","original":{"code":"ER_DUP_ENTRY","errno":1062,"parameters":["0869f10c-b331-4453-9317-26005eec1478","Atoluko","Ayariga","1998-11-30","M","Ghana","alouismariea97@gmail.com","48932 Bunker Hill Crossing","http://res.cloudinary.com/marieloumar/image/upload/v1698964016/sellz-profile-pictures/mynuilxrluml1e0osuua.jpg","$2b$10$rdRy9T/8Bcwt4bwoMrAhmu6vP08BJrQa.qw3hs8fU5M1FV3t8a.zi","2023-11-02 22:34:18","2023-11-02 22:34:18"],"sql":"INSERT INTO `users` (`userId`,`firstName`,`lastName`,`birthdate`,`gender`,`country`,`email`,`address`,`profilePicture`,`passwordHash`,`createdAt`,`updatedAt`) VALUES (?,?,?,?,?,?,?,?,?,?,?,?);","sqlMessage":"Duplicate entry 'alouismariea97@gmail.com' for key 'users.email'","sqlState":"23000"},"parent":{"code":"ER_DUP_ENTRY","errno":1062,"parameters":["0869f10c-b331-4453-9317-26005eec1478","Atoluko","Ayariga","1998-11-30","M","Ghana","alouismariea97@gmail.com","48932 Bunker Hill Crossing","http://res.cloudinary.com/marieloumar/image/upload/v1698964016/sellz-profile-pictures/mynuilxrluml1e0osuua.jpg","$2b$10$rdRy9T/8Bcwt4bwoMrAhmu6vP08BJrQa.qw3hs8fU5M1FV3t8a.zi","2023-11-02 22:34:18","2023-11-02 22:34:18"],"sql":"INSERT INTO `users` (`userId`,`firstName`,`lastName`,`birthdate`,`gender`,`country`,`email`,`address`,`profilePicture`,`passwordHash`,`createdAt`,`updatedAt`) VALUES (?,?,?,?,?,?,?,?,?,?,?,?);","sqlMessage":"Duplicate entry 'alouismariea97@gmail.com' for key 'users.email'","sqlState":"23000"},"sql":"INSERT INTO `users` (`userId`,`firstName`,`lastName`,`birthdate`,`gender`,`country`,`email`,`address`,`profilePicture`,`passwordHash`,`createdAt`,`updatedAt`) VALUES (?,?,?,?,?,?,?,?,?,?,?,?);"}
{"level":"info","message":"Database connected."}
{"level":"info","message":"server running at port: 8080"}
{"level":"info","message":"Press CTRL + C to stop server"}
{"level":"info","message":"Creating a new user..."}
{"level":"info","message":"Uploading file..."}
{"level":"info","message":"Done uploading file..."}
{"errors":[{"instance":{"address":"48932 Bunker Hill Crossing","birthdate":"1998-11-30","country":"Ghana","createdAt":"2023-11-02T22:34:54.090Z","email":"alouismariea97@gmail.com","firstName":"Atoluko","gender":"M","lastName":"Ayariga","passwordHash":"$2b$10$8BH91wfSQ0p6/WHB05r0s.jkm4lFYZE77/bKJhxnm1EJC3hTnoUIW","profilePicture":"http://res.cloudinary.com/marieloumar/image/upload/v1698964016/sellz-profile-pictures/mynuilxrluml1e0osuua.jpg","updatedAt":"2023-11-02T22:34:54.090Z","userId":"92b36f26-94bc-42c6-af63-28d384e0982f"},"message":"email must be unique","origin":"DB","path":"email","type":"unique violation","validatorArgs":[],"validatorKey":"not_unique","validatorName":null,"value":"alouismariea97@gmail.com"}],"fields":{"email":"alouismariea97@gmail.com"},"level":"error","name":"SequelizeUniqueConstraintError","original":{"code":"ER_DUP_ENTRY","errno":1062,"parameters":["92b36f26-94bc-42c6-af63-28d384e0982f","Atoluko","Ayariga","1998-11-30","M","Ghana","alouismariea97@gmail.com","48932 Bunker Hill Crossing","http://res.cloudinary.com/marieloumar/image/upload/v1698964016/sellz-profile-pictures/mynuilxrluml1e0osuua.jpg","$2b$10$8BH91wfSQ0p6/WHB05r0s.jkm4lFYZE77/bKJhxnm1EJC3hTnoUIW","2023-11-02 22:34:54","2023-11-02 22:34:54"],"sql":"INSERT INTO `users` (`userId`,`firstName`,`lastName`,`birthdate`,`gender`,`country`,`email`,`address`,`profilePicture`,`passwordHash`,`createdAt`,`updatedAt`) VALUES (?,?,?,?,?,?,?,?,?,?,?,?);","sqlMessage":"Duplicate entry 'alouismariea97@gmail.com' for key 'users.email'","sqlState":"23000"},"parent":{"code":"ER_DUP_ENTRY","errno":1062,"parameters":["92b36f26-94bc-42c6-af63-28d384e0982f","Atoluko","Ayariga","1998-11-30","M","Ghana","alouismariea97@gmail.com","48932 Bunker Hill Crossing","http://res.cloudinary.com/marieloumar/image/upload/v1698964016/sellz-profile-pictures/mynuilxrluml1e0osuua.jpg","$2b$10$8BH91wfSQ0p6/WHB05r0s.jkm4lFYZE77/bKJhxnm1EJC3hTnoUIW","2023-11-02 22:34:54","2023-11-02 22:34:54"],"sql":"INSERT INTO `users` (`userId`,`firstName`,`lastName`,`birthdate`,`gender`,`country`,`email`,`address`,`profilePicture`,`passwordHash`,`createdAt`,`updatedAt`) VALUES (?,?,?,?,?,?,?,?,?,?,?,?);","sqlMessage":"Duplicate entry 'alouismariea97@gmail.com' for key 'users.email'","sqlState":"23000"},"sql":"INSERT INTO `users` (`userId`,`firstName`,`lastName`,`birthdate`,`gender`,`country`,`email`,`address`,`profilePicture`,`passwordHash`,`createdAt`,`updatedAt`) VALUES (?,?,?,?,?,?,?,?,?,?,?,?);"}
{"level":"info","message":"Database connected."}
{"level":"info","message":"server running at port: 8080"}
{"level":"info","message":"Press CTRL + C to stop server"}
{"level":"info","message":"Database connected."}
{"level":"info","message":"server running at port: 8080"}
{"level":"info","message":"Press CTRL + C to stop server"}
{"level":"info","message":"Creating a new user..."}
{"level":"info","message":"Uploading file..."}
{"level":"info","message":"Done uploading file..."}
{"errors":[{"instance":{"address":"48932 Bunker Hill Crossing","birthdate":"1998-11-30","country":"Ghana","createdAt":"2023-11-02T22:35:57.547Z","email":"alouismariea97@gmail.com","firstName":"Atoluko","gender":"M","lastName":"Ayariga","passwordHash":"$2b$10$NSZ5yI47QvBf3WjFCZZsr.mREuyyOnPv5mwAC2nRbOu/nmVd69vtW","profilePicture":"http://res.cloudinary.com/marieloumar/image/upload/v1698964016/sellz-profile-pictures/mynuilxrluml1e0osuua.jpg","updatedAt":"2023-11-02T22:35:57.547Z","userId":"cf3dd40f-bc34-44e7-ae9f-1b9a5474a8a3"},"message":"email must be unique","origin":"DB","path":"email","type":"unique violation","validatorArgs":[],"validatorKey":"not_unique","validatorName":null,"value":"alouismariea97@gmail.com"}],"fields":{"email":"alouismariea97@gmail.com"},"level":"error","name":"SequelizeUniqueConstraintError","original":{"code":"ER_DUP_ENTRY","errno":1062,"parameters":["cf3dd40f-bc34-44e7-ae9f-1b9a5474a8a3","Atoluko","Ayariga","1998-11-30","M","Ghana","alouismariea97@gmail.com","48932 Bunker Hill Crossing","http://res.cloudinary.com/marieloumar/image/upload/v1698964016/sellz-profile-pictures/mynuilxrluml1e0osuua.jpg","$2b$10$NSZ5yI47QvBf3WjFCZZsr.mREuyyOnPv5mwAC2nRbOu/nmVd69vtW","2023-11-02 22:35:57","2023-11-02 22:35:57"],"sql":"INSERT INTO `users` (`userId`,`firstName`,`lastName`,`birthdate`,`gender`,`country`,`email`,`address`,`profilePicture`,`passwordHash`,`createdAt`,`updatedAt`) VALUES (?,?,?,?,?,?,?,?,?,?,?,?);","sqlMessage":"Duplicate entry 'alouismariea97@gmail.com' for key 'users.email'","sqlState":"23000"},"parent":{"code":"ER_DUP_ENTRY","errno":1062,"parameters":["cf3dd40f-bc34-44e7-ae9f-1b9a5474a8a3","Atoluko","Ayariga","1998-11-30","M","Ghana","alouismariea97@gmail.com","48932 Bunker Hill Crossing","http://res.cloudinary.com/marieloumar/image/upload/v1698964016/sellz-profile-pictures/mynuilxrluml1e0osuua.jpg","$2b$10$NSZ5yI47QvBf3WjFCZZsr.mREuyyOnPv5mwAC2nRbOu/nmVd69vtW","2023-11-02 22:35:57","2023-11-02 22:35:57"],"sql":"INSERT INTO `users` (`userId`,`firstName`,`lastName`,`birthdate`,`gender`,`country`,`email`,`address`,`profilePicture`,`passwordHash`,`createdAt`,`updatedAt`) VALUES (?,?,?,?,?,?,?,?,?,?,?,?);","sqlMessage":"Duplicate entry 'alouismariea97@gmail.com' for key 'users.email'","sqlState":"23000"},"sql":"INSERT INTO `users` (`userId`,`firstName`,`lastName`,`birthdate`,`gender`,`country`,`email`,`address`,`profilePicture`,`passwordHash`,`createdAt`,`updatedAt`) VALUES (?,?,?,?,?,?,?,?,?,?,?,?);"}
{"isOperational":true,"level":"error","status":"error","statusCode":500}
{"level":"info","message":"Database connected."}
{"level":"info","message":"server running at port: 8080"}
{"level":"info","message":"Press CTRL + C to stop server"}
{"level":"info","message":"Creating a new user..."}
{"level":"info","message":"Uploading file..."}
{"level":"info","message":"Done uploading file..."}
{"errors":[{"instance":{"address":"48932 Bunker Hill Crossing","birthdate":"1998-11-30","country":"Ghana","createdAt":"2023-11-02T22:37:44.213Z","email":"alouismariea97@gmail.com","firstName":"Atoluko","gender":"M","lastName":"Ayariga","passwordHash":"$2b$10$POi/R3Lvc6XkDaTZk2TBreg.JSfTEp9f56gzLXrhVTkNLbaNAnZhq","profilePicture":"http://res.cloudinary.com/marieloumar/image/upload/v1698964016/sellz-profile-pictures/mynuilxrluml1e0osuua.jpg","updatedAt":"2023-11-02T22:37:44.213Z","userId":"0cdafe5b-f6af-46ee-bf63-9aa4dddb4dbc"},"message":"email must be unique","origin":"DB","path":"email","type":"unique violation","validatorArgs":[],"validatorKey":"not_unique","validatorName":null,"value":"alouismariea97@gmail.com"}],"fields":{"email":"alouismariea97@gmail.com"},"level":"error","name":"SequelizeUniqueConstraintError","original":{"code":"ER_DUP_ENTRY","errno":1062,"parameters":["0cdafe5b-f6af-46ee-bf63-9aa4dddb4dbc","Atoluko","Ayariga","1998-11-30","M","Ghana","alouismariea97@gmail.com","48932 Bunker Hill Crossing","http://res.cloudinary.com/marieloumar/image/upload/v1698964016/sellz-profile-pictures/mynuilxrluml1e0osuua.jpg","$2b$10$POi/R3Lvc6XkDaTZk2TBreg.JSfTEp9f56gzLXrhVTkNLbaNAnZhq","2023-11-02 22:37:44","2023-11-02 22:37:44"],"sql":"INSERT INTO `users` (`userId`,`firstName`,`lastName`,`birthdate`,`gender`,`country`,`email`,`address`,`profilePicture`,`passwordHash`,`createdAt`,`updatedAt`) VALUES (?,?,?,?,?,?,?,?,?,?,?,?);","sqlMessage":"Duplicate entry 'alouismariea97@gmail.com' for key 'users.email'","sqlState":"23000"},"parent":{"code":"ER_DUP_ENTRY","errno":1062,"parameters":["0cdafe5b-f6af-46ee-bf63-9aa4dddb4dbc","Atoluko","Ayariga","1998-11-30","M","Ghana","alouismariea97@gmail.com","48932 Bunker Hill Crossing","http://res.cloudinary.com/marieloumar/image/upload/v1698964016/sellz-profile-pictures/mynuilxrluml1e0osuua.jpg","$2b$10$POi/R3Lvc6XkDaTZk2TBreg.JSfTEp9f56gzLXrhVTkNLbaNAnZhq","2023-11-02 22:37:44","2023-11-02 22:37:44"],"sql":"INSERT INTO `users` (`userId`,`firstName`,`lastName`,`birthdate`,`gender`,`country`,`email`,`address`,`profilePicture`,`passwordHash`,`createdAt`,`updatedAt`) VALUES (?,?,?,?,?,?,?,?,?,?,?,?);","sqlMessage":"Duplicate entry 'alouismariea97@gmail.com' for key 'users.email'","sqlState":"23000"},"sql":"INSERT INTO `users` (`userId`,`firstName`,`lastName`,`birthdate`,`gender`,`country`,`email`,`address`,`profilePicture`,`passwordHash`,`createdAt`,`updatedAt`) VALUES (?,?,?,?,?,?,?,?,?,?,?,?);"}
{"level":"info","message":"Database connected."}
{"level":"info","message":"server running at port: 8080"}
{"level":"info","message":"Press CTRL + C to stop server"}
{"level":"info","message":"Creating a new user..."}
{"level":"info","message":"Uploading file..."}
{"level":"info","message":"Done uploading file..."}
{"errors":[{"instance":{"address":"48932 Bunker Hill Crossing","birthdate":"1998-11-30","country":"Ghana","createdAt":"2023-11-02T23:04:27.223Z","email":"alouismariea97@gmail.com","firstName":"Atoluko","gender":"M","lastName":"Ayariga","passwordHash":"$2b$10$.YMvfoaN9x1THEQyZF251.R3peF6Gr7uhvLMQWMFLcoDYwv9K4YcK","profilePicture":"http://res.cloudinary.com/marieloumar/image/upload/v1698964016/sellz-profile-pictures/mynuilxrluml1e0osuua.jpg","updatedAt":"2023-11-02T23:04:27.223Z","userId":"687cc6ee-b33a-4786-a8fa-6c6cfeeeb2bd"},"message":"email must be unique","origin":"DB","path":"email","type":"unique violation","validatorArgs":[],"validatorKey":"not_unique","validatorName":null,"value":"alouismariea97@gmail.com"}],"fields":{"email":"alouismariea97@gmail.com"},"level":"error","name":"SequelizeUniqueConstraintError","original":{"code":"ER_DUP_ENTRY","errno":1062,"parameters":["687cc6ee-b33a-4786-a8fa-6c6cfeeeb2bd","Atoluko","Ayariga","1998-11-30","M","Ghana","alouismariea97@gmail.com","48932 Bunker Hill Crossing","http://res.cloudinary.com/marieloumar/image/upload/v1698964016/sellz-profile-pictures/mynuilxrluml1e0osuua.jpg","$2b$10$.YMvfoaN9x1THEQyZF251.R3peF6Gr7uhvLMQWMFLcoDYwv9K4YcK","2023-11-02 23:04:27","2023-11-02 23:04:27"],"sql":"INSERT INTO `users` (`userId`,`firstName`,`lastName`,`birthdate`,`gender`,`country`,`email`,`address`,`profilePicture`,`passwordHash`,`createdAt`,`updatedAt`) VALUES (?,?,?,?,?,?,?,?,?,?,?,?);","sqlMessage":"Duplicate entry 'alouismariea97@gmail.com' for key 'users.email'","sqlState":"23000"},"parent":{"code":"ER_DUP_ENTRY","errno":1062,"parameters":["687cc6ee-b33a-4786-a8fa-6c6cfeeeb2bd","Atoluko","Ayariga","1998-11-30","M","Ghana","alouismariea97@gmail.com","48932 Bunker Hill Crossing","http://res.cloudinary.com/marieloumar/image/upload/v1698964016/sellz-profile-pictures/mynuilxrluml1e0osuua.jpg","$2b$10$.YMvfoaN9x1THEQyZF251.R3peF6Gr7uhvLMQWMFLcoDYwv9K4YcK","2023-11-02 23:04:27","2023-11-02 23:04:27"],"sql":"INSERT INTO `users` (`userId`,`firstName`,`lastName`,`birthdate`,`gender`,`country`,`email`,`address`,`profilePicture`,`passwordHash`,`createdAt`,`updatedAt`) VALUES (?,?,?,?,?,?,?,?,?,?,?,?);","sqlMessage":"Duplicate entry 'alouismariea97@gmail.com' for key 'users.email'","sqlState":"23000"},"sql":"INSERT INTO `users` (`userId`,`firstName`,`lastName`,`birthdate`,`gender`,`country`,`email`,`address`,`profilePicture`,`passwordHash`,`createdAt`,`updatedAt`) VALUES (?,?,?,?,?,?,?,?,?,?,?,?);"}
{"level":"info","message":"Database connected."}
{"level":"info","message":"server running at port: 8080"}
{"level":"info","message":"Press CTRL + C to stop server"}
{"level":"info","message":"Database connected."}
{"level":"info","message":"server running at port: 8080"}
{"level":"info","message":"Press CTRL + C to stop server"}
{"level":"info","message":"Creating a new user..."}
{"level":"info","message":"Uploading file..."}
{"level":"info","message":"Done uploading file..."}
{"errors":[{"instance":{"address":"48932 Bunker Hill Crossing","birthdate":"1998-11-30","country":"Ghana","createdAt":"2023-11-02T23:05:23.934Z","email":"alouismariea97@gmail.com","firstName":"Atoluko","gender":"M","lastName":"Ayariga","passwordHash":"$2b$10$icV6WtUWejg5QSWOHWBXeuHikyWLYcI/cJCdhbdUw2IkfxGJUQMx.","profilePicture":"http://res.cloudinary.com/marieloumar/image/upload/v1698964016/sellz-profile-pictures/mynuilxrluml1e0osuua.jpg","updatedAt":"2023-11-02T23:05:23.934Z","userId":"544cdc1d-ed22-4f75-9ad6-2408f631b8f3"},"message":"email must be unique","origin":"DB","path":"email","type":"unique violation","validatorArgs":[],"validatorKey":"not_unique","validatorName":null,"value":"alouismariea97@gmail.com"}],"fields":{"email":"alouismariea97@gmail.com"},"level":"error","name":"SequelizeUniqueConstraintError","original":{"code":"ER_DUP_ENTRY","errno":1062,"parameters":["544cdc1d-ed22-4f75-9ad6-2408f631b8f3","Atoluko","Ayariga","1998-11-30","M","Ghana","alouismariea97@gmail.com","48932 Bunker Hill Crossing","http://res.cloudinary.com/marieloumar/image/upload/v1698964016/sellz-profile-pictures/mynuilxrluml1e0osuua.jpg","$2b$10$icV6WtUWejg5QSWOHWBXeuHikyWLYcI/cJCdhbdUw2IkfxGJUQMx.","2023-11-02 23:05:23","2023-11-02 23:05:23"],"sql":"INSERT INTO `users` (`userId`,`firstName`,`lastName`,`birthdate`,`gender`,`country`,`email`,`address`,`profilePicture`,`passwordHash`,`createdAt`,`updatedAt`) VALUES (?,?,?,?,?,?,?,?,?,?,?,?);","sqlMessage":"Duplicate entry 'alouismariea97@gmail.com' for key 'users.email'","sqlState":"23000"},"parent":{"code":"ER_DUP_ENTRY","errno":1062,"parameters":["544cdc1d-ed22-4f75-9ad6-2408f631b8f3","Atoluko","Ayariga","1998-11-30","M","Ghana","alouismariea97@gmail.com","48932 Bunker Hill Crossing","http://res.cloudinary.com/marieloumar/image/upload/v1698964016/sellz-profile-pictures/mynuilxrluml1e0osuua.jpg","$2b$10$icV6WtUWejg5QSWOHWBXeuHikyWLYcI/cJCdhbdUw2IkfxGJUQMx.","2023-11-02 23:05:23","2023-11-02 23:05:23"],"sql":"INSERT INTO `users` (`userId`,`firstName`,`lastName`,`birthdate`,`gender`,`country`,`email`,`address`,`profilePicture`,`passwordHash`,`createdAt`,`updatedAt`) VALUES (?,?,?,?,?,?,?,?,?,?,?,?);","sqlMessage":"Duplicate entry 'alouismariea97@gmail.com' for key 'users.email'","sqlState":"23000"},"sql":"INSERT INTO `users` (`userId`,`firstName`,`lastName`,`birthdate`,`gender`,`country`,`email`,`address`,`profilePicture`,`passwordHash`,`createdAt`,`updatedAt`) VALUES (?,?,?,?,?,?,?,?,?,?,?,?);"}
{"level":"info","message":"Database connected."}
{"level":"info","message":"server running at port: 8080"}
{"level":"info","message":"Press CTRL + C to stop server"}
{"level":"info","message":"Creating a new user..."}
{"level":"info","message":"Uploading file..."}
{"level":"info","message":"Done uploading file..."}
{"errors":[{"instance":{"address":"48932 Bunker Hill Crossing","birthdate":"1998-11-30","country":"Ghana","createdAt":"2023-11-02T23:05:55.084Z","email":"alouismariea97@gmail.com","firstName":"Atoluko","gender":"M","lastName":"Ayariga","passwordHash":"$2b$10$ZnVg7XjvUmAVUIUYEVICs.w.4zJFvXyxx/nLYtndQ6OI3JaWYADfK","profilePicture":"http://res.cloudinary.com/marieloumar/image/upload/v1698964016/sellz-profile-pictures/mynuilxrluml1e0osuua.jpg","updatedAt":"2023-11-02T23:05:55.084Z","userId":"c48a1481-3463-4f5f-831f-c5b98b616968"},"message":"email must be unique","origin":"DB","path":"email","type":"unique violation","validatorArgs":[],"validatorKey":"not_unique","validatorName":null,"value":"alouismariea97@gmail.com"}],"fields":{"email":"alouismariea97@gmail.com"},"level":"error","name":"SequelizeUniqueConstraintError","original":{"code":"ER_DUP_ENTRY","errno":1062,"parameters":["c48a1481-3463-4f5f-831f-c5b98b616968","Atoluko","Ayariga","1998-11-30","M","Ghana","alouismariea97@gmail.com","48932 Bunker Hill Crossing","http://res.cloudinary.com/marieloumar/image/upload/v1698964016/sellz-profile-pictures/mynuilxrluml1e0osuua.jpg","$2b$10$ZnVg7XjvUmAVUIUYEVICs.w.4zJFvXyxx/nLYtndQ6OI3JaWYADfK","2023-11-02 23:05:55","2023-11-02 23:05:55"],"sql":"INSERT INTO `users` (`userId`,`firstName`,`lastName`,`birthdate`,`gender`,`country`,`email`,`address`,`profilePicture`,`passwordHash`,`createdAt`,`updatedAt`) VALUES (?,?,?,?,?,?,?,?,?,?,?,?);","sqlMessage":"Duplicate entry 'alouismariea97@gmail.com' for key 'users.email'","sqlState":"23000"},"parent":{"code":"ER_DUP_ENTRY","errno":1062,"parameters":["c48a1481-3463-4f5f-831f-c5b98b616968","Atoluko","Ayariga","1998-11-30","M","Ghana","alouismariea97@gmail.com","48932 Bunker Hill Crossing","http://res.cloudinary.com/marieloumar/image/upload/v1698964016/sellz-profile-pictures/mynuilxrluml1e0osuua.jpg","$2b$10$ZnVg7XjvUmAVUIUYEVICs.w.4zJFvXyxx/nLYtndQ6OI3JaWYADfK","2023-11-02 23:05:55","2023-11-02 23:05:55"],"sql":"INSERT INTO `users` (`userId`,`firstName`,`lastName`,`birthdate`,`gender`,`country`,`email`,`address`,`profilePicture`,`passwordHash`,`createdAt`,`updatedAt`) VALUES (?,?,?,?,?,?,?,?,?,?,?,?);","sqlMessage":"Duplicate entry 'alouismariea97@gmail.com' for key 'users.email'","sqlState":"23000"},"sql":"INSERT INTO `users` (`userId`,`firstName`,`lastName`,`birthdate`,`gender`,`country`,`email`,`address`,`profilePicture`,`passwordHash`,`createdAt`,`updatedAt`) VALUES (?,?,?,?,?,?,?,?,?,?,?,?);"}
{"level":"info","message":"Database connected."}
{"level":"info","message":"server running at port: 8080"}
{"level":"info","message":"Press CTRL + C to stop server"}
{"level":"info","message":"Creating a new user..."}
{"level":"info","message":"Uploading file..."}
{"level":"info","message":"Done uploading file..."}
{"errors":[{"instance":{"address":"48932 Bunker Hill Crossing","birthdate":"1998-11-30","country":"Ghana","createdAt":"2023-11-02T23:06:16.115Z","email":"alouismariea97@gmail.com","firstName":"Atoluko","gender":"M","lastName":"Ayariga","passwordHash":"$2b$10$WeRx8sUKHYKP98BwssIXYuFqoH/jgnVtCZD.dbNPi4Jo8GToWEKt6","profilePicture":"http://res.cloudinary.com/marieloumar/image/upload/v1698964016/sellz-profile-pictures/mynuilxrluml1e0osuua.jpg","updatedAt":"2023-11-02T23:06:16.115Z","userId":"b28e2cea-59e2-414a-9ab3-3ea689e9cfbd"},"message":"email must be unique","origin":"DB","path":"email","type":"unique violation","validatorArgs":[],"validatorKey":"not_unique","validatorName":null,"value":"alouismariea97@gmail.com"}],"fields":{"email":"alouismariea97@gmail.com"},"level":"error","name":"SequelizeUniqueConstraintError","original":{"code":"ER_DUP_ENTRY","errno":1062,"parameters":["b28e2cea-59e2-414a-9ab3-3ea689e9cfbd","Atoluko","Ayariga","1998-11-30","M","Ghana","alouismariea97@gmail.com","48932 Bunker Hill Crossing","http://res.cloudinary.com/marieloumar/image/upload/v1698964016/sellz-profile-pictures/mynuilxrluml1e0osuua.jpg","$2b$10$WeRx8sUKHYKP98BwssIXYuFqoH/jgnVtCZD.dbNPi4Jo8GToWEKt6","2023-11-02 23:06:16","2023-11-02 23:06:16"],"sql":"INSERT INTO `users` (`userId`,`firstName`,`lastName`,`birthdate`,`gender`,`country`,`email`,`address`,`profilePicture`,`passwordHash`,`createdAt`,`updatedAt`) VALUES (?,?,?,?,?,?,?,?,?,?,?,?);","sqlMessage":"Duplicate entry 'alouismariea97@gmail.com' for key 'users.email'","sqlState":"23000"},"parent":{"code":"ER_DUP_ENTRY","errno":1062,"parameters":["b28e2cea-59e2-414a-9ab3-3ea689e9cfbd","Atoluko","Ayariga","1998-11-30","M","Ghana","alouismariea97@gmail.com","48932 Bunker Hill Crossing","http://res.cloudinary.com/marieloumar/image/upload/v1698964016/sellz-profile-pictures/mynuilxrluml1e0osuua.jpg","$2b$10$WeRx8sUKHYKP98BwssIXYuFqoH/jgnVtCZD.dbNPi4Jo8GToWEKt6","2023-11-02 23:06:16","2023-11-02 23:06:16"],"sql":"INSERT INTO `users` (`userId`,`firstName`,`lastName`,`birthdate`,`gender`,`country`,`email`,`address`,`profilePicture`,`passwordHash`,`createdAt`,`updatedAt`) VALUES (?,?,?,?,?,?,?,?,?,?,?,?);","sqlMessage":"Duplicate entry 'alouismariea97@gmail.com' for key 'users.email'","sqlState":"23000"},"sql":"INSERT INTO `users` (`userId`,`firstName`,`lastName`,`birthdate`,`gender`,`country`,`email`,`address`,`profilePicture`,`passwordHash`,`createdAt`,`updatedAt`) VALUES (?,?,?,?,?,?,?,?,?,?,?,?);"}
{"level":"info","message":"Database connected."}
{"level":"info","message":"server running at port: 8080"}
{"level":"info","message":"Press CTRL + C to stop server"}
{"level":"info","message":"Creating a new user..."}
{"level":"info","message":"Uploading file..."}
{"level":"info","message":"Done uploading file..."}
{"errors":[{"instance":{"address":"48932 Bunker Hill Crossing","birthdate":"1998-11-30","country":"Ghana","createdAt":"2023-11-02T23:07:23.433Z","email":"alouismariea97@gmail.com","firstName":"Atoluko","gender":"M","lastName":"Ayariga","passwordHash":"$2b$10$SqIzpApKyiR3IHlnkEZ35O154/vtP6fArIPWppfEVdLrAMCIQhNtu","profilePicture":"http://res.cloudinary.com/marieloumar/image/upload/v1698964016/sellz-profile-pictures/mynuilxrluml1e0osuua.jpg","updatedAt":"2023-11-02T23:07:23.433Z","userId":"c6c82e77-80f4-407b-b0cb-30e8d8073eb2"},"message":"email must be unique","origin":"DB","path":"email","type":"unique violation","validatorArgs":[],"validatorKey":"not_unique","validatorName":null,"value":"alouismariea97@gmail.com"}],"fields":{"email":"alouismariea97@gmail.com"},"level":"error","name":"SequelizeUniqueConstraintError","original":{"code":"ER_DUP_ENTRY","errno":1062,"parameters":["c6c82e77-80f4-407b-b0cb-30e8d8073eb2","Atoluko","Ayariga","1998-11-30","M","Ghana","alouismariea97@gmail.com","48932 Bunker Hill Crossing","http://res.cloudinary.com/marieloumar/image/upload/v1698964016/sellz-profile-pictures/mynuilxrluml1e0osuua.jpg","$2b$10$SqIzpApKyiR3IHlnkEZ35O154/vtP6fArIPWppfEVdLrAMCIQhNtu","2023-11-02 23:07:23","2023-11-02 23:07:23"],"sql":"INSERT INTO `users` (`userId`,`firstName`,`lastName`,`birthdate`,`gender`,`country`,`email`,`address`,`profilePicture`,`passwordHash`,`createdAt`,`updatedAt`) VALUES (?,?,?,?,?,?,?,?,?,?,?,?);","sqlMessage":"Duplicate entry 'alouismariea97@gmail.com' for key 'users.email'","sqlState":"23000"},"parent":{"code":"ER_DUP_ENTRY","errno":1062,"parameters":["c6c82e77-80f4-407b-b0cb-30e8d8073eb2","Atoluko","Ayariga","1998-11-30","M","Ghana","alouismariea97@gmail.com","48932 Bunker Hill Crossing","http://res.cloudinary.com/marieloumar/image/upload/v1698964016/sellz-profile-pictures/mynuilxrluml1e0osuua.jpg","$2b$10$SqIzpApKyiR3IHlnkEZ35O154/vtP6fArIPWppfEVdLrAMCIQhNtu","2023-11-02 23:07:23","2023-11-02 23:07:23"],"sql":"INSERT INTO `users` (`userId`,`firstName`,`lastName`,`birthdate`,`gender`,`country`,`email`,`address`,`profilePicture`,`passwordHash`,`createdAt`,`updatedAt`) VALUES (?,?,?,?,?,?,?,?,?,?,?,?);","sqlMessage":"Duplicate entry 'alouismariea97@gmail.com' for key 'users.email'","sqlState":"23000"},"sql":"INSERT INTO `users` (`userId`,`firstName`,`lastName`,`birthdate`,`gender`,`country`,`email`,`address`,`profilePicture`,`passwordHash`,`createdAt`,`updatedAt`) VALUES (?,?,?,?,?,?,?,?,?,?,?,?);"}
{"level":"info","message":"Database connected."}
{"level":"info","message":"server running at port: 8080"}
{"level":"info","message":"Press CTRL + C to stop server"}
{"level":"info","message":"Creating a new user..."}
{"level":"info","message":"Uploading file..."}
{"level":"info","message":"Done uploading file..."}
{"errors":[{"instance":{"address":"48932 Bunker Hill Crossing","birthdate":"1998-11-30","country":"Ghana","createdAt":"2023-11-02T23:07:33.993Z","email":"alouismariea97@gmail.com","firstName":"Atoluko","gender":"M","lastName":"Ayariga","passwordHash":"$2b$10$nCf7z9SMDKsnmi9PN5UvR.2SIQBoLUriJ/tm1n4PSVSD9N4Lkvn8C","profilePicture":"http://res.cloudinary.com/marieloumar/image/upload/v1698964016/sellz-profile-pictures/mynuilxrluml1e0osuua.jpg","updatedAt":"2023-11-02T23:07:33.993Z","userId":"de2a0f99-334d-4c7c-886e-5101f0b690be"},"message":"email must be unique","origin":"DB","path":"email","type":"unique violation","validatorArgs":[],"validatorKey":"not_unique","validatorName":null,"value":"alouismariea97@gmail.com"}],"fields":{"email":"alouismariea97@gmail.com"},"level":"error","name":"SequelizeUniqueConstraintError","original":{"code":"ER_DUP_ENTRY","errno":1062,"parameters":["de2a0f99-334d-4c7c-886e-5101f0b690be","Atoluko","Ayariga","1998-11-30","M","Ghana","alouismariea97@gmail.com","48932 Bunker Hill Crossing","http://res.cloudinary.com/marieloumar/image/upload/v1698964016/sellz-profile-pictures/mynuilxrluml1e0osuua.jpg","$2b$10$nCf7z9SMDKsnmi9PN5UvR.2SIQBoLUriJ/tm1n4PSVSD9N4Lkvn8C","2023-11-02 23:07:33","2023-11-02 23:07:33"],"sql":"INSERT INTO `users` (`userId`,`firstName`,`lastName`,`birthdate`,`gender`,`country`,`email`,`address`,`profilePicture`,`passwordHash`,`createdAt`,`updatedAt`) VALUES (?,?,?,?,?,?,?,?,?,?,?,?);","sqlMessage":"Duplicate entry 'alouismariea97@gmail.com' for key 'users.email'","sqlState":"23000"},"parent":{"code":"ER_DUP_ENTRY","errno":1062,"parameters":["de2a0f99-334d-4c7c-886e-5101f0b690be","Atoluko","Ayariga","1998-11-30","M","Ghana","alouismariea97@gmail.com","48932 Bunker Hill Crossing","http://res.cloudinary.com/marieloumar/image/upload/v1698964016/sellz-profile-pictures/mynuilxrluml1e0osuua.jpg","$2b$10$nCf7z9SMDKsnmi9PN5UvR.2SIQBoLUriJ/tm1n4PSVSD9N4Lkvn8C","2023-11-02 23:07:33","2023-11-02 23:07:33"],"sql":"INSERT INTO `users` (`userId`,`firstName`,`lastName`,`birthdate`,`gender`,`country`,`email`,`address`,`profilePicture`,`passwordHash`,`createdAt`,`updatedAt`) VALUES (?,?,?,?,?,?,?,?,?,?,?,?);","sqlMessage":"Duplicate entry 'alouismariea97@gmail.com' for key 'users.email'","sqlState":"23000"},"sql":"INSERT INTO `users` (`userId`,`firstName`,`lastName`,`birthdate`,`gender`,`country`,`email`,`address`,`profilePicture`,`passwordHash`,`createdAt`,`updatedAt`) VALUES (?,?,?,?,?,?,?,?,?,?,?,?);"}
{"level":"info","message":"Database connected."}
{"level":"info","message":"server running at port: 8080"}
{"level":"info","message":"Press CTRL + C to stop server"}
{"level":"info","message":"Creating a new user..."}
{"level":"info","message":"Uploading file..."}
{"level":"info","message":"Done uploading file..."}
{"errors":[{"instance":{"address":"48932 Bunker Hill Crossing","birthdate":"1998-11-30","country":"Ghana","createdAt":"2023-11-02T23:07:47.836Z","email":"alouismariea97@gmail.com","firstName":"Atoluko","gender":"M","lastName":"Ayariga","passwordHash":"$2b$10$RYoApIC4tAcZYomFrrGJCufcXiJ6P/91voyFyTxALPvrJ3aGTRoFW","profilePicture":"http://res.cloudinary.com/marieloumar/image/upload/v1698964016/sellz-profile-pictures/mynuilxrluml1e0osuua.jpg","updatedAt":"2023-11-02T23:07:47.836Z","userId":"0610ecef-a54c-44c8-9dcb-8f47d70cfa9f"},"message":"email must be unique","origin":"DB","path":"email","type":"unique violation","validatorArgs":[],"validatorKey":"not_unique","validatorName":null,"value":"alouismariea97@gmail.com"}],"fields":{"email":"alouismariea97@gmail.com"},"level":"error","name":"SequelizeUniqueConstraintError","original":{"code":"ER_DUP_ENTRY","errno":1062,"parameters":["0610ecef-a54c-44c8-9dcb-8f47d70cfa9f","Atoluko","Ayariga","1998-11-30","M","Ghana","alouismariea97@gmail.com","48932 Bunker Hill Crossing","http://res.cloudinary.com/marieloumar/image/upload/v1698964016/sellz-profile-pictures/mynuilxrluml1e0osuua.jpg","$2b$10$RYoApIC4tAcZYomFrrGJCufcXiJ6P/91voyFyTxALPvrJ3aGTRoFW","2023-11-02 23:07:47","2023-11-02 23:07:47"],"sql":"INSERT INTO `users` (`userId`,`firstName`,`lastName`,`birthdate`,`gender`,`country`,`email`,`address`,`profilePicture`,`passwordHash`,`createdAt`,`updatedAt`) VALUES (?,?,?,?,?,?,?,?,?,?,?,?);","sqlMessage":"Duplicate entry 'alouismariea97@gmail.com' for key 'users.email'","sqlState":"23000"},"parent":{"code":"ER_DUP_ENTRY","errno":1062,"parameters":["0610ecef-a54c-44c8-9dcb-8f47d70cfa9f","Atoluko","Ayariga","1998-11-30","M","Ghana","alouismariea97@gmail.com","48932 Bunker Hill Crossing","http://res.cloudinary.com/marieloumar/image/upload/v1698964016/sellz-profile-pictures/mynuilxrluml1e0osuua.jpg","$2b$10$RYoApIC4tAcZYomFrrGJCufcXiJ6P/91voyFyTxALPvrJ3aGTRoFW","2023-11-02 23:07:47","2023-11-02 23:07:47"],"sql":"INSERT INTO `users` (`userId`,`firstName`,`lastName`,`birthdate`,`gender`,`country`,`email`,`address`,`profilePicture`,`passwordHash`,`createdAt`,`updatedAt`) VALUES (?,?,?,?,?,?,?,?,?,?,?,?);","sqlMessage":"Duplicate entry 'alouismariea97@gmail.com' for key 'users.email'","sqlState":"23000"},"sql":"INSERT INTO `users` (`userId`,`firstName`,`lastName`,`birthdate`,`gender`,`country`,`email`,`address`,`profilePicture`,`passwordHash`,`createdAt`,`updatedAt`) VALUES (?,?,?,?,?,?,?,?,?,?,?,?);"}
{"level":"info","message":"Database connected."}
{"level":"info","message":"server running at port: 8080"}
{"level":"info","message":"Press CTRL + C to stop server"}
{"level":"info","message":"Creating a new user..."}
{"level":"info","message":"Uploading file..."}
{"level":"info","message":"Done uploading file..."}
{"errors":[{"instance":{"address":"48932 Bunker Hill Crossing","birthdate":"1998-11-30","country":"Ghana","createdAt":"2023-11-02T23:08:11.487Z","email":"alouismariea97@gmail.com","firstName":"Atoluko","gender":"M","lastName":"Ayariga","passwordHash":"$2b$10$Fkmhhw0JuSyC2z1XSekn6.XNuJk1jZ6Hnl0EHdvRZQ8xw1bLHBugW","profilePicture":"http://res.cloudinary.com/marieloumar/image/upload/v1698964016/sellz-profile-pictures/mynuilxrluml1e0osuua.jpg","updatedAt":"2023-11-02T23:08:11.487Z","userId":"80723ac2-eb49-4dd2-a98c-e80231183281"},"message":"email must be unique","origin":"DB","path":"email","type":"unique violation","validatorArgs":[],"validatorKey":"not_unique","validatorName":null,"value":"alouismariea97@gmail.com"}],"fields":{"email":"alouismariea97@gmail.com"},"level":"error","name":"SequelizeUniqueConstraintError","original":{"code":"ER_DUP_ENTRY","errno":1062,"parameters":["80723ac2-eb49-4dd2-a98c-e80231183281","Atoluko","Ayariga","1998-11-30","M","Ghana","alouismariea97@gmail.com","48932 Bunker Hill Crossing","http://res.cloudinary.com/marieloumar/image/upload/v1698964016/sellz-profile-pictures/mynuilxrluml1e0osuua.jpg","$2b$10$Fkmhhw0JuSyC2z1XSekn6.XNuJk1jZ6Hnl0EHdvRZQ8xw1bLHBugW","2023-11-02 23:08:11","2023-11-02 23:08:11"],"sql":"INSERT INTO `users` (`userId`,`firstName`,`lastName`,`birthdate`,`gender`,`country`,`email`,`address`,`profilePicture`,`passwordHash`,`createdAt`,`updatedAt`) VALUES (?,?,?,?,?,?,?,?,?,?,?,?);","sqlMessage":"Duplicate entry 'alouismariea97@gmail.com' for key 'users.email'","sqlState":"23000"},"parent":{"code":"ER_DUP_ENTRY","errno":1062,"parameters":["80723ac2-eb49-4dd2-a98c-e80231183281","Atoluko","Ayariga","1998-11-30","M","Ghana","alouismariea97@gmail.com","48932 Bunker Hill Crossing","http://res.cloudinary.com/marieloumar/image/upload/v1698964016/sellz-profile-pictures/mynuilxrluml1e0osuua.jpg","$2b$10$Fkmhhw0JuSyC2z1XSekn6.XNuJk1jZ6Hnl0EHdvRZQ8xw1bLHBugW","2023-11-02 23:08:11","2023-11-02 23:08:11"],"sql":"INSERT INTO `users` (`userId`,`firstName`,`lastName`,`birthdate`,`gender`,`country`,`email`,`address`,`profilePicture`,`passwordHash`,`createdAt`,`updatedAt`) VALUES (?,?,?,?,?,?,?,?,?,?,?,?);","sqlMessage":"Duplicate entry 'alouismariea97@gmail.com' for key 'users.email'","sqlState":"23000"},"sql":"INSERT INTO `users` (`userId`,`firstName`,`lastName`,`birthdate`,`gender`,`country`,`email`,`address`,`profilePicture`,`passwordHash`,`createdAt`,`updatedAt`) VALUES (?,?,?,?,?,?,?,?,?,?,?,?);"}
{"level":"info","message":"Database connected."}
{"level":"info","message":"server running at port: 8080"}
{"level":"info","message":"Press CTRL + C to stop server"}
{"level":"info","message":"Database connected."}
{"level":"info","message":"server running at port: 8080"}
{"level":"info","message":"Press CTRL + C to stop server"}
{"level":"info","message":"Creating a new user..."}
{"level":"info","message":"Uploading file..."}
{"level":"info","message":"Done uploading file..."}
{"errors":[{"instance":{"address":"48932 Bunker Hill Crossing","birthdate":"1998-11-30","country":"Ghana","createdAt":"2023-11-02T23:12:55.606Z","email":"alouismariea97@gmail.com","firstName":"Atoluko","gender":"G","lastName":"Ayariga","passwordHash":"$2b$10$wwZzF38IC08me03/A5AIvuei52qigbNcTTqIFAe9nuJoNunjNT1zS","profilePicture":"http://res.cloudinary.com/marieloumar/image/upload/v1698964016/sellz-profile-pictures/mynuilxrluml1e0osuua.jpg","updatedAt":"2023-11-02T23:12:55.606Z","userId":"6ef6ebff-248b-4766-98d2-6bc54437e7bf"},"message":"Gender must be M or F","origin":"FUNCTION","original":{"validatorArgs":[["M","F"]],"validatorName":"isIn"},"path":"gender","type":"Validation error","validatorArgs":[["M","F"]],"validatorKey":"isIn","validatorName":"isIn","value":"G"}],"level":"error","name":"SequelizeValidationError"}
{"level":"info","message":"Database connected."}
{"level":"info","message":"server running at port: 8080"}
{"level":"info","message":"Press CTRL + C to stop server"}
{"level":"info","message":"Creating a new user..."}
{"level":"info","message":"Uploading file..."}
{"level":"info","message":"Done uploading file..."}
{"errors":[{"instance":{"address":"48932 Bunker Hill Crossing","birthdate":"1998-11-30","country":"Ghana","createdAt":"2023-11-02T23:13:08.170Z","email":"alouismariea97@gmail.com","firstName":"Atoluko","gender":"G","lastName":"Ayariga","passwordHash":"$2b$10$Xtnz5TVYOJi/vKCSBqmM4el.I9YURoe3orDjNgE0SACqZPWLlwyaa","profilePicture":"http://res.cloudinary.com/marieloumar/image/upload/v1698964016/sellz-profile-pictures/mynuilxrluml1e0osuua.jpg","updatedAt":"2023-11-02T23:13:08.170Z","userId":"e24d4cf0-1e43-46b6-b35e-9835fc542035"},"message":"Gender must be M or F","origin":"FUNCTION","original":{"validatorArgs":[["M","F"]],"validatorName":"isIn"},"path":"gender","type":"Validation error","validatorArgs":[["M","F"]],"validatorKey":"isIn","validatorName":"isIn","value":"G"}],"level":"error","name":"SequelizeValidationError"}
{"level":"info","message":"Database connected."}
{"level":"info","message":"server running at port: 8080"}
{"level":"info","message":"Press CTRL + C to stop server"}
{"level":"info","message":"Creating a new user..."}
{"level":"info","message":"Uploading file..."}
{"level":"info","message":"Done uploading file..."}
{"errors":[{"instance":{"address":"48932 Bunker Hill Crossing","birthdate":"Invalid date","country":"Ghana","createdAt":"2023-11-02T23:19:56.768Z","email":"alouismariea97@gmail.com","firstName":"Atoluko","gender":"G","lastName":"Ayariga","passwordHash":"$2b$10$ik0W5RwWbW/QO7oIHqOgmOsY/KrSWBfeF3RkhTbChvXBzUnDr71IC","profilePicture":"http://res.cloudinary.com/marieloumar/image/upload/v1698964016/sellz-profile-pictures/mynuilxrluml1e0osuua.jpg","updatedAt":"2023-11-02T23:19:56.768Z","userId":"78987227-4425-43df-8b14-838e26222d76"},"message":"Gender must be M or F","origin":"FUNCTION","original":{"validatorArgs":[["M","F"]],"validatorName":"isIn"},"path":"gender","type":"Validation error","validatorArgs":[["M","F"]],"validatorKey":"isIn","validatorName":"isIn","value":"G"}],"level":"error","name":"SequelizeValidationError"}
{"level":"info","message":"Database connected."}
{"level":"info","message":"server running at port: 8080"}
{"level":"info","message":"Press CTRL + C to stop server"}
{"level":"info","message":"Database connected."}
{"level":"info","message":"server running at port: 8080"}
{"level":"info","message":"Press CTRL + C to stop server"}
{"level":"info","message":"Database connected."}
{"level":"info","message":"server running at port: 8080"}
{"level":"info","message":"Press CTRL + C to stop server"}
{"level":"info","message":"Creating a new user..."}
{"level":"info","message":"Uploading file..."}
{"level":"info","message":"Done uploading file..."}
{"errors":[{"instance":{"address":"48932 Bunker Hill Crossing","birthdate":"Invalid date","country":"Ghana","createdAt":"2023-11-02T23:42:36.797Z","email":"alouismariea97@gmail.com","firstName":"Atoluko","gender":"G","lastName":"Ayariga","passwordHash":"$2b$10$I49gFvv/6nR3tf.kNYf0Sudj70RxRv6hw5j5tcMPuAsuor9mxFXe2","profilePicture":"http://res.cloudinary.com/marieloumar/image/upload/v1698964016/sellz-profile-pictures/mynuilxrluml1e0osuua.jpg","updatedAt":"2023-11-02T23:42:36.797Z","userId":"bf05f2f3-9d6c-4186-8a65-4581e1125152"},"message":"Gender must be M or F","origin":"FUNCTION","original":{"validatorArgs":[["M","F"]],"validatorName":"isIn"},"path":"gender","type":"Validation error","validatorArgs":[["M","F"]],"validatorKey":"isIn","validatorName":"isIn","value":"G"}],"level":"error","name":"SequelizeValidationError"}
{"level":"info","message":"Database connected."}
{"level":"info","message":"server running at port: 8080"}
{"level":"info","message":"Press CTRL + C to stop server"}
{"level":"info","message":"Creating a new user..."}
{"level":"info","message":"Uploading file..."}
{"level":"info","message":"Done uploading file..."}
{"errors":[{"instance":{"address":"48932 Bunker Hill Crossing","birthdate":"Invalid date","country":"Ghana","createdAt":"2023-11-02T23:42:52.828Z","email":"alouismariea97@gmail.com","firstName":"Atoluko","gender":"G","lastName":"Ayariga","passwordHash":"$2b$10$cc537R0I6EWCL46Q7f//cuWcae4Jt8Rdbp52Lr4d81wxyeI8Y8jg2","profilePicture":"http://res.cloudinary.com/marieloumar/image/upload/v1698964016/sellz-profile-pictures/mynuilxrluml1e0osuua.jpg","updatedAt":"2023-11-02T23:42:52.828Z","userId":"7734de6e-8b1d-4723-a82d-efe56d987854"},"message":"Gender must be M or F","origin":"FUNCTION","original":{"validatorArgs":[["M","F"]],"validatorName":"isIn"},"path":"gender","type":"Validation error","validatorArgs":[["M","F"]],"validatorKey":"isIn","validatorName":"isIn","value":"G"}],"level":"error","name":"SequelizeValidationError"}
{"level":"info","message":"Database connected."}
{"level":"info","message":"server running at port: 8080"}
{"level":"info","message":"Press CTRL + C to stop server"}
{"level":"info","message":"Database connected."}
{"level":"info","message":"server running at port: 8080"}
{"level":"info","message":"Press CTRL + C to stop server"}
{"level":"info","message":"Database connected."}
{"level":"info","message":"server running at port: 8080"}
{"level":"info","message":"Press CTRL + C to stop server"}
{"level":"info","message":"Signing user in..."}
{"level":"info","message":"User signed in successfully!"}
{"level":"info","message":"Require auth called"}
{"level":"info","message":{"aud":"https://sellz.com","exp":1699214869,"iat":1698955669,"iss":"https://sellz-backend.com","name":"Atoluko Ayariga","roles":["user"],"sub":"aedd4d23-e437-4cc2-9d8b-624e84ac119e"}}
{"level":"info","message":"User Verified"}
{"level":"info","message":"Database connected."}
{"level":"info","message":"server running at port: 8080"}
{"level":"info","message":"Press CTRL + C to stop server"}
{"level":"info","message":"Require auth called"}
{"level":"info","message":{"aud":"https://sellz.com","exp":1699214869,"iat":1698955669,"iss":"https://sellz-backend.com","name":"Atoluko Ayariga","roles":["user"],"sub":"aedd4d23-e437-4cc2-9d8b-624e84ac119e"}}
{"level":"info","message":"User Verified"}
{"level":"info","message":"Require auth called"}
{"level":"error","message":"Unauthorised user!"}
{"level":"info","message":"Database connected."}
{"level":"info","message":"server running at port: 8080"}
{"level":"info","message":"Press CTRL + C to stop server"}
{"level":"info","message":"Database connected."}
{"level":"info","message":"server running at port: 8080"}
{"level":"info","message":"Press CTRL + C to stop server"}
{"level":"info","message":"Database connected."}
{"level":"info","message":"server running at port: 8080"}
{"level":"info","message":"Press CTRL + C to stop server"}
{"level":"info","message":"Database connected."}
{"level":"info","message":"server running at port: 8080"}
{"level":"info","message":"Press CTRL + C to stop server"}
{"level":"info","message":"Database connected."}
{"level":"info","message":"server running at port: 8080"}
{"level":"info","message":"Press CTRL + C to stop server"}
{"level":"info","message":"Require auth called"}
{"level":"error"}
{"level":"info","message":"Database connected."}
{"level":"info","message":"server running at port: 8080"}
{"level":"info","message":"Press CTRL + C to stop server"}
{"level":"info","message":"Database connected."}
{"level":"info","message":"server running at port: 8080"}
{"level":"info","message":"Press CTRL + C to stop server"}
{"level":"info","message":"Database connected."}
{"level":"info","message":"server running at port: 8080"}
{"level":"info","message":"Press CTRL + C to stop server"}
{"level":"info","message":"Require auth called"}
{"expiredAt":"2023-11-02T23:51:24.000Z","level":"error","message":"jwt expired","name":"TokenExpiredError"}
{"level":"info","message":"Database connected."}
{"level":"info","message":"server running at port: 8080"}
{"level":"info","message":"Press CTRL + C to stop server"}
{"level":"info","message":"Database connected."}
{"level":"info","message":"server running at port: 8080"}
{"level":"info","message":"Press CTRL + C to stop server"}
{"level":"info","message":"Database connected."}
{"level":"info","message":"server running at port: 8080"}
{"level":"info","message":"Press CTRL + C to stop server"}
{"level":"info","message":"Database connected."}
{"level":"info","message":"server running at port: 8080"}
{"level":"info","message":"Press CTRL + C to stop server"}
{"level":"info","message":"Require auth called"}
{"expiredAt":"2023-11-02T23:51:24.000Z","level":"error","message":"jwt expired","name":"TokenExpiredError"}
{"level":"info","message":"Database connected."}
{"level":"info","message":"server running at port: 8080"}
{"level":"info","message":"Press CTRL + C to stop server"}
{"level":"info","message":"Require auth called"}
{"expiredAt":"2023-11-02T23:51:24.000Z","level":"error","message":"jwt expired","name":"TokenExpiredError"}
{"level":"info","message":"Database connected."}
{"level":"info","message":"server running at port: 8080"}
{"level":"info","message":"Press CTRL + C to stop server"}
{"level":"info","message":"Database connected."}
{"level":"info","message":"server running at port: 8080"}
{"level":"info","message":"Press CTRL + C to stop server"}
{"level":"info","message":"Require auth called"}
{"level":"info","message":{"aud":"https://sellz.com","exp":1699214869,"iat":1698955669,"iss":"https://sellz-backend.com","name":"Atoluko Ayariga","roles":["user"],"sub":"aedd4d23-e437-4cc2-9d8b-624e84ac119e"}}
{"level":"info","message":"User Verified"}
